
> conduit@0.5.0 rust:metadata /srv/devops/repos/w2/Conduit
> cargo metadata --manifest-path backend/service/Cargo.toml --format-version 1 > /dev/null


> conduit@0.5.0 structure:check /srv/devops/repos/w2/Conduit
> cargo run --quiet --locked --manifest-path backend/service/Cargo.toml -p repo-guard -- structure-check

cargo test: 4 passed (2 suites, 0.00s)

> conduit@0.5.0 check /srv/devops/repos/w2/Conduit
> pnpm run toolchain:check && pnpm run structure:check && pnpm run format:check && pnpm run lint && pnpm run typecheck && pnpm run build && pnpm run rust:metadata && pnpm run rust:clippy && pnpm run rust:doc && pnpm run rust:build && pnpm run test


> conduit@0.5.0 toolchain:check /srv/devops/repos/w2/Conduit
> cargo run --quiet --locked --manifest-path backend/service/Cargo.toml -p repo-guard -- toolchain-check


> conduit@0.5.0 structure:check /srv/devops/repos/w2/Conduit
> cargo run --quiet --locked --manifest-path backend/service/Cargo.toml -p repo-guard -- structure-check


> conduit@0.5.0 format:check /srv/devops/repos/w2/Conduit
> prettier . --check && cargo fmt --manifest-path backend/service/Cargo.toml --all --check

Checking formatting...
All matched files use Prettier code style!

> conduit@0.5.0 lint /srv/devops/repos/w2/Conduit
> eslint . --max-warnings 0


> conduit@0.5.0 typecheck /srv/devops/repos/w2/Conduit
> tsc -p tsconfig.typecheck.json --pretty false


> conduit@0.5.0 build /srv/devops/repos/w2/Conduit
> tsc -b tsconfig.json


> conduit@0.5.0 rust:metadata /srv/devops/repos/w2/Conduit
> cargo metadata --manifest-path backend/service/Cargo.toml --format-version 1 > /dev/null


> conduit@0.5.0 rust:clippy /srv/devops/repos/w2/Conduit
> cargo clippy --manifest-path backend/service/Cargo.toml --workspace --all-targets --all-features -- -D warnings


> conduit@0.5.0 rust:doc /srv/devops/repos/w2/Conduit
> RUSTDOCFLAGS='-D warnings' cargo doc --manifest-path backend/service/Cargo.toml --workspace --no-deps


> conduit@0.5.0 rust:build /srv/devops/repos/w2/Conduit
> cargo build --manifest-path backend/service/Cargo.toml --workspace


> conduit@0.5.0 test /srv/devops/repos/w2/Conduit
> vitest run && cargo test --manifest-path backend/service/Cargo.toml --workspace


 RUN  v4.1.4 /srv/devops/repos/w2/Conduit


 Test Files  2 passed (2)
      Tests  3 passed (3)
   Start at  23:48:17
   Duration  103ms (transform 33ms, setup 0ms, import 48ms, tests 4ms, environment 0ms)


running 6 tests
test tests::validates_initialize_request_and_response ... ok
test tests::rejects_non_string_agent_method_values ... ok
test tests::bundle_loads_and_registers_locked_methods ... ok
test tests::validates_prompt_response ... ok
test tests::validates_new_session_and_cancel_envelopes ... ok
test tests::rejects_drifted_agent_method_registry_shape ... ok

test result: ok. 6 passed; 0 failed; 0 ignored; 0 measured; 0 filtered out; finished in 0.03s


running 1 test
test provider_protocol_captures_stay_inside_locked_contract_subset ... ok

test result: ok. 1 passed; 0 failed; 0 ignored; 0 measured; 0 filtered out; finished in 0.03s


running 0 tests

test result: ok. 0 passed; 0 failed; 0 ignored; 0 measured; 0 filtered out; finished in 0.00s


running 3 tests
test golden_prompt_lifecycles_deserialize ... ok
test golden_session_lists_deserialize ... ok
test golden_provider_snapshots_deserialize ... ok

test result: ok. 3 passed; 0 failed; 0 ignored; 0 measured; 0 filtered out; finished in 0.00s


running 0 tests

test result: ok. 0 passed; 0 failed; 0 ignored; 0 measured; 0 filtered out; finished in 0.00s


running 0 tests

test result: ok. 0 passed; 0 failed; 0 ignored; 0 measured; 0 filtered out; finished in 0.00s


running 1 test
test tests::descriptor_uses_official_launcher ... ok

test result: ok. 1 passed; 0 failed; 0 ignored; 0 measured; 0 filtered out; finished in 0.00s


running 1 test
test tests::descriptor_uses_official_launcher ... ok

test result: ok. 1 passed; 0 failed; 0 ignored; 0 measured; 0 filtered out; finished in 0.00s


running 1 test
test tests::descriptor_uses_official_launcher ... ok

test result: ok. 1 passed; 0 failed; 0 ignored; 0 measured; 0 filtered out; finished in 0.00s


running 13 tests
test toolchain::tests::rejects_missing_required_rust_lint ... ok
test toolchain::tests::accepts_matching_toolchain_lock ... ok
test structure::tests::rejects_forbidden_service_runtime_dependencies ... ok
test structure::tests::rejects_missing_crate_docs ... ok
test structure::tests::rejects_forbidden_library_error_aggregators ... ok
test structure::tests::rejects_broad_inner_suppressions ... ok
test structure::tests::rejects_forbidden_extern_syntax ... ok
test structure::tests::rejects_forbidden_provider_dependencies ... ok
test structure::tests::rejects_module_outer_suppressions ... ok
test structure::tests::rejects_nested_module_inner_suppressions ... ok
test structure::tests::accepts_the_approved_layout ... ok
test structure::tests::rejects_direct_stdout_imports ... ok
test structure::tests::accepts_comments_and_strings_that_mention_forbidden_syntax ... ok

test result: ok. 13 passed; 0 failed; 0 ignored; 0 measured; 0 filtered out; finished in 0.02s


running 0 tests

test result: ok. 0 passed; 0 failed; 0 ignored; 0 measured; 0 filtered out; finished in 0.00s


running 1 test
test failure_fixtures_deserialize_as_wire_events ... ok

test result: ok. 1 passed; 0 failed; 0 ignored; 0 measured; 0 filtered out; finished in 0.00s


running 4 tests
test tests::dispatch_rejects_unknown_provider ... ok
test tests::event_subscription_returns_raw_wire_truth ... ok
test tests::dispatch_reuses_provider_between_commands ... ok
test tests::disconnect_and_snapshot_access_use_manager_state ... ok

test result: ok. 4 passed; 0 failed; 0 ignored; 0 measured; 0 filtered out; finished in 0.00s


running 1 test
test tests::store_boundary_stays_read_side_only ... ok

test result: ok. 1 passed; 0 failed; 0 ignored; 0 measured; 0 filtered out; finished in 0.00s


running 0 tests

test result: ok. 0 passed; 0 failed; 0 ignored; 0 measured; 0 filtered out; finished in 0.00s


running 0 tests

test result: ok. 0 passed; 0 failed; 0 ignored; 0 measured; 0 filtered out; finished in 0.00s


running 0 tests

test result: ok. 0 passed; 0 failed; 0 ignored; 0 measured; 0 filtered out; finished in 0.00s


running 0 tests

test result: ok. 0 passed; 0 failed; 0 ignored; 0 measured; 0 filtered out; finished in 0.00s


running 0 tests

test result: ok. 0 passed; 0 failed; 0 ignored; 0 measured; 0 filtered out; finished in 0.00s


running 0 tests

test result: ok. 0 passed; 0 failed; 0 ignored; 0 measured; 0 filtered out; finished in 0.00s


running 0 tests

test result: ok. 0 passed; 0 failed; 0 ignored; 0 measured; 0 filtered out; finished in 0.00s


running 0 tests

test result: ok. 0 passed; 0 failed; 0 ignored; 0 measured; 0 filtered out; finished in 0.00s


running 0 tests

test result: ok. 0 passed; 0 failed; 0 ignored; 0 measured; 0 filtered out; finished in 0.00s

